Copyright 1986-2022 Xilinx, Inc. All Rights Reserved.
--------------------------------------------------------------------------------------------------
| Tool Version : Vivado v.2022.1 (win64) Build 3526262 Mon Apr 18 15:48:16 MDT 2022
| Date         : Fri Nov 25 21:09:44 2022
| Host         : Unicx running 64-bit major release  (build 9200)
| Command      : report_control_sets -verbose -file top_Asy_SinglePortRAM_control_sets_placed.rpt
| Design       : top_Asy_SinglePortRAM
| Device       : xc7a35t
--------------------------------------------------------------------------------------------------

Control Set Information

Table of Contents
-----------------
1. Summary
2. Histogram
3. Flip-Flop Distribution
4. Detailed Control Set Information

1. Summary
----------

+----------------------------------------------------------+-------+
|                          Status                          | Count |
+----------------------------------------------------------+-------+
| Total control sets                                       |    22 |
|    Minimum number of control sets                        |    22 |
|    Addition due to synthesis replication                 |     0 |
|    Addition due to physical synthesis replication        |     0 |
| Unused register locations in slices containing registers |    90 |
+----------------------------------------------------------+-------+
* Control sets can be merged at opt_design using control_set_merge or merge_equivalent_drivers
** Run report_qor_suggestions for automated merging and remapping suggestions


2. Histogram
------------

+--------------------+-------+
|       Fanout       | Count |
+--------------------+-------+
| Total control sets |    22 |
| >= 0 to < 4        |     4 |
| >= 4 to < 6        |    16 |
| >= 6 to < 8        |     1 |
| >= 8 to < 10       |     0 |
| >= 10 to < 12      |     0 |
| >= 12 to < 14      |     0 |
| >= 14 to < 16      |     0 |
| >= 16              |     1 |
+--------------------+-------+
* Control sets can be remapped at either synth_design or opt_design


3. Flip-Flop Distribution
-------------------------

+--------------+-----------------------+------------------------+-----------------+--------------+
| Clock Enable | Synchronous Set/Reset | Asynchronous Set/Reset | Total Registers | Total Slices |
+--------------+-----------------------+------------------------+-----------------+--------------+
| No           | No                    | No                     |               4 |            3 |
| No           | No                    | Yes                    |               0 |            0 |
| No           | Yes                   | No                     |              26 |            7 |
| Yes          | No                    | No                     |               0 |            0 |
| Yes          | No                    | Yes                    |               0 |            0 |
| Yes          | Yes                   | No                     |              64 |           18 |
+--------------+-----------------------+------------------------+-----------------+--------------+


4. Detailed Control Set Information
-----------------------------------

+------------------+----------------------+----------------------+------------------+----------------+--------------+
|   Clock Signal   |     Enable Signal    |   Set/Reset Signal   | Slice Load Count | Bel Load Count | Bels / Slice |
+------------------+----------------------+----------------------+------------------+----------------+--------------+
|  clk_IBUF_BUFG   |                      |                      |                1 |              1 |         1.00 |
|  d/clk_div_reg_0 |                      | dis/Q[0]             |                1 |              2 |         2.00 |
|  d/clk_div_reg_0 |                      | dis/an[3]_i_1_n_0    |                1 |              2 |         2.00 |
|  d/clk_div_reg_0 |                      |                      |                2 |              3 |         1.50 |
|  clk_IBUF_BUFG   | S/RAM[0][3]_i_1_n_0  | rst_IBUF             |                1 |              4 |         4.00 |
|  clk_IBUF_BUFG   | S/RAM[8][3]_i_1_n_0  | rst_IBUF             |                1 |              4 |         4.00 |
|  clk_IBUF_BUFG   | S/RAM[15][3]_i_1_n_0 | rst_IBUF             |                1 |              4 |         4.00 |
|  clk_IBUF_BUFG   | S/RAM[10][3]_i_1_n_0 | rst_IBUF             |                1 |              4 |         4.00 |
|  clk_IBUF_BUFG   | S/RAM[12][3]_i_1_n_0 | rst_IBUF             |                1 |              4 |         4.00 |
|  clk_IBUF_BUFG   | S/RAM[2][3]_i_1_n_0  | rst_IBUF             |                1 |              4 |         4.00 |
|  clk_IBUF_BUFG   | S/RAM[5][3]_i_1_n_0  | rst_IBUF             |                1 |              4 |         4.00 |
|  clk_IBUF_BUFG   | S/RAM[14][3]_i_1_n_0 | rst_IBUF             |                2 |              4 |         2.00 |
|  clk_IBUF_BUFG   | S/RAM[3][3]_i_1_n_0  | rst_IBUF             |                1 |              4 |         4.00 |
|  clk_IBUF_BUFG   | S/RAM[13][3]_i_1_n_0 | rst_IBUF             |                1 |              4 |         4.00 |
|  clk_IBUF_BUFG   | S/RAM[1][3]_i_1_n_0  | rst_IBUF             |                1 |              4 |         4.00 |
|  clk_IBUF_BUFG   | S/RAM[6][3]_i_1_n_0  | rst_IBUF             |                1 |              4 |         4.00 |
|  clk_IBUF_BUFG   | S/RAM[9][3]_i_1_n_0  | rst_IBUF             |                2 |              4 |         2.00 |
|  clk_IBUF_BUFG   | S/RAM[4][3]_i_1_n_0  | rst_IBUF             |                1 |              4 |         4.00 |
|  clk_IBUF_BUFG   | S/RAM[11][3]_i_1_n_0 | rst_IBUF             |                1 |              4 |         4.00 |
|  clk_IBUF_BUFG   | S/RAM[7][3]_i_1_n_0  | rst_IBUF             |                1 |              4 |         4.00 |
|  d/clk_div_reg_0 |                      | dis/Q[1]             |                1 |              6 |         6.00 |
|  clk_IBUF_BUFG   |                      | d/counter[0]_i_1_n_0 |                4 |             16 |         4.00 |
+------------------+----------------------+----------------------+------------------+----------------+--------------+


