#-----------------------------------------------------------
# Vivado v2018.3 (64-bit)
# SW Build 2405991 on Thu Dec  6 23:38:27 MST 2018
# IP Build 2404404 on Fri Dec  7 01:43:56 MST 2018
# Start of session at: Mon Nov 22 09:39:50 2021
# Process ID: 24196
# Current directory: D:/CODES/vivado/Project7
# Command line: vivado.exe -gui_launcher_event rodinguilauncherevent32676 D:\CODES\vivado\Project7\Project7.xpr
# Log file: D:/CODES/vivado/Project7/vivado.log
# Journal file: D:/CODES/vivado/Project7\vivado.jou
#-----------------------------------------------------------
start_gui
open_project D:/CODES/vivado/Project7/Project7.xpr
Scanning sources...
Finished scanning sources
INFO: [IP_Flow 19-234] Refreshing IP repositories
INFO: [IP_Flow 19-1704] No user IP repositories specified
INFO: [IP_Flow 19-2313] Loaded Vivado IP repository 'D:/Xilinx/Vivado/2018.3/data/ip'.
update_compile_order -fileset sources_1
set_property top clock_conut [current_fileset]
update_compile_order -fileset sources_1
launch_simulation
INFO: [Vivado 12-5682] Launching behavioral simulation in 'D:/CODES/vivado/Project7/Project7.sim/sim_1/behav/xsim'
INFO: [SIM-utils-51] Simulation object is 'sim_1'
INFO: [SIM-utils-54] Inspecting design source files for 'clock_tb' in fileset 'sim_1'...
INFO: [USF-XSim-97] Finding global include files...
INFO: [USF-XSim-98] Fetching design files from 'sim_1'...
INFO: [USF-XSim-2] XSim::Compile design
INFO: [USF-XSim-61] Executing 'COMPILE and ANALYZE' step in 'D:/CODES/vivado/Project7/Project7.sim/sim_1/behav/xsim'
"xvlog --incr --relax -prj clock_tb_vlog.prj"
INFO: [VRFC 10-2263] Analyzing Verilog file "D:/CODES/vivado/Project7/Project7.srcs/sources_1/new/clock_conut.v" into library xil_defaultlib
INFO: [VRFC 10-311] analyzing module clock_conut
INFO: [VRFC 10-2263] Analyzing Verilog file "D:/CODES/vivado/Project7/Project7.srcs/sim_1/new/clock_tb.v" into library xil_defaultlib
INFO: [VRFC 10-311] analyzing module clock_tb
INFO: [USF-XSim-69] 'compile' step finished in '1' seconds
INFO: [USF-XSim-3] XSim::Elaborate design
INFO: [USF-XSim-61] Executing 'ELABORATE' step in 'D:/CODES/vivado/Project7/Project7.sim/sim_1/behav/xsim'
Vivado Simulator 2018.3
Copyright 1986-1999, 2001-2018 Xilinx, Inc. All Rights Reserved.
Running: D:/Xilinx/Vivado/2018.3/bin/unwrapped/win64.o/xelab.exe -wto 497ea8e86951424d8a018ec4de16746c --incr --debug typical --relax --mt 2 -L xil_defaultlib -L unisims_ver -L unimacro_ver -L secureip --snapshot clock_tb_behav xil_defaultlib.clock_tb xil_defaultlib.glbl -log elaborate.log 
Using 2 slave threads.
Starting static elaboration
Completed static elaboration
Starting simulation data flow analysis
Completed simulation data flow analysis
Time Resolution for simulation is 1ps
Compiling module xil_defaultlib.clock_conut
Compiling module xil_defaultlib.clock_tb
Compiling module xil_defaultlib.glbl
Built simulation snapshot clock_tb_behav

****** Webtalk v2018.3 (64-bit)
  **** SW Build 2405991 on Thu Dec  6 23:38:27 MST 2018
  **** IP Build 2404404 on Fri Dec  7 01:43:56 MST 2018
    ** Copyright 1986-2018 Xilinx, Inc. All Rights Reserved.

source D:/CODES/vivado/Project7/Project7.sim/sim_1/behav/xsim/xsim.dir/clock_tb_behav/webtalk/xsim_webtalk.tcl -notrace
INFO: [Common 17-206] Exiting Webtalk at Mon Nov 22 09:42:54 2021...
INFO: [USF-XSim-69] 'elaborate' step finished in '3' seconds
INFO: [USF-XSim-4] XSim::Simulate design
INFO: [USF-XSim-61] Executing 'SIMULATE' step in 'D:/CODES/vivado/Project7/Project7.sim/sim_1/behav/xsim'
INFO: [USF-XSim-98] *** Running xsim
   with args "clock_tb_behav -key {Behavioral:sim_1:Functional:clock_tb} -tclbatch {clock_tb.tcl} -log {simulate.log}"
INFO: [USF-XSim-8] Loading simulator feature
Vivado Simulator 2018.3
Time resolution is 1 ps
source clock_tb.tcl
# set curr_wave [current_wave_config]
# if { [string length $curr_wave] == 0 } {
#   if { [llength [get_objects]] > 0} {
#     add_wave /
#     set_property needs_save false [current_wave_config]
#   } else {
#      send_msg_id Add_Wave-1 WARNING "No top level signals found. Simulator will start without a wave window. If you want to open a wave window go to 'File->New Waveform Configuration' or type 'create_wave_config' in the TCL console."
#   }
# }
# run 1000ns
INFO: [USF-XSim-96] XSim completed. Design snapshot 'clock_tb_behav' loaded.
INFO: [USF-XSim-97] XSim simulation ran for 1000ns
launch_simulation: Time (s): cpu = 00:00:05 ; elapsed = 00:00:08 . Memory (MB): peak = 796.824 ; gain = 27.551
run 10000 us
close_sim
INFO: [Simtcl 6-16] Simulation closed
exit
INFO: [Common 17-206] Exiting Vivado at Mon Nov 22 10:21:43 2021...
