#-----------------------------------------------------------
# Vivado v2018.3 (64-bit)
# SW Build 2405991 on Thu Dec  6 23:38:27 MST 2018
# IP Build 2404404 on Fri Dec  7 01:43:56 MST 2018
# Start of session at: Sat Nov 27 01:28:05 2021
# Process ID: 8968
# Current directory: D:/CODES/vivado/Project7
# Command line: vivado.exe -gui_launcher_event rodinguilauncherevent19016 D:\CODES\vivado\Project7\Project7.xpr
# Log file: D:/CODES/vivado/Project7/vivado.log
# Journal file: D:/CODES/vivado/Project7\vivado.jou
#-----------------------------------------------------------
start_gui
open_project D:/CODES/vivado/Project7/Project7.xpr
Scanning sources...
Finished scanning sources
INFO: [IP_Flow 19-234] Refreshing IP repositories
INFO: [IP_Flow 19-1704] No user IP repositories specified
INFO: [IP_Flow 19-2313] Loaded Vivado IP repository 'D:/Xilinx/Vivado/2018.3/data/ip'.
update_compile_order -fileset sources_1
set_property top clock [current_fileset]
update_compile_order -fileset sources_1
exit
INFO: [Common 17-206] Exiting Vivado at Sat Nov 27 01:28:39 2021...
