#-----------------------------------------------------------
# Vivado v2018.3 (64-bit)
# SW Build 2405991 on Thu Dec  6 23:38:27 MST 2018
# IP Build 2404404 on Fri Dec  7 01:43:56 MST 2018
# Start of session at: Sun Dec  5 22:24:32 2021
# Process ID: 1196
# Current directory: C:/Users/MingCheng/Desktop/vivado/Project14-1-2
# Command line: vivado.exe -gui_launcher_event rodinguilauncherevent8880 C:\Users\MingCheng\Desktop\vivado\Project14-1-2\Project14-1-2.xpr
# Log file: C:/Users/MingCheng/Desktop/vivado/Project14-1-2/vivado.log
# Journal file: C:/Users/MingCheng/Desktop/vivado/Project14-1-2\vivado.jou
#-----------------------------------------------------------
start_gui
open_project C:/Users/MingCheng/Desktop/vivado/Project14-1-2/Project14-1-2.xpr
INFO: [Project 1-313] Project file moved from 'D:/CODES/vivado/Project14-1-2' since last save.
Scanning sources...
Finished scanning sources
INFO: [IP_Flow 19-234] Refreshing IP repositories
INFO: [IP_Flow 19-1704] No user IP repositories specified
INFO: [IP_Flow 19-2313] Loaded Vivado IP repository 'D:/Vivado/2018.3/data/ip'.
update_compile_order -fileset sources_1
exit
INFO: [Common 17-206] Exiting Vivado at Sun Dec  5 22:25:56 2021...
