#-----------------------------------------------------------
# Vivado v2018.3 (64-bit)
# SW Build 2405991 on Thu Dec  6 23:38:27 MST 2018
# IP Build 2404404 on Fri Dec  7 01:43:56 MST 2018
# Start of session at: Sun Dec 12 15:56:46 2021
# Process ID: 16824
# Current directory: D:/CODES/vivado/Project15
# Command line: vivado.exe -gui_launcher_event rodinguilauncherevent11896 D:\CODES\vivado\Project15\Project15.xpr
# Log file: D:/CODES/vivado/Project15/vivado.log
# Journal file: D:/CODES/vivado/Project15\vivado.jou
#-----------------------------------------------------------
start_gui
open_project D:/CODES/vivado/Project15/Project15.xpr
Scanning sources...
Finished scanning sources
INFO: [IP_Flow 19-234] Refreshing IP repositories
INFO: [IP_Flow 19-1704] No user IP repositories specified
INFO: [IP_Flow 19-2313] Loaded Vivado IP repository 'D:/Xilinx/Vivado/2018.3/data/ip'.
update_compile_order -fileset sources_1
update_compile_order -fileset sources_1
update_compile_order -fileset sim_1
exit
INFO: [Common 17-206] Exiting Vivado at Sun Dec 12 16:16:13 2021...
