#-----------------------------------------------------------
# Vivado v2018.3 (64-bit)
# SW Build 2405991 on Thu Dec  6 23:38:27 MST 2018
# IP Build 2404404 on Fri Dec  7 01:43:56 MST 2018
# Start of session at: Thu Dec  2 11:35:41 2021
# Process ID: 23900
# Current directory: D:/CODES/vivado/Project14-3
# Command line: vivado.exe -gui_launcher_event rodinguilauncherevent24856 D:\CODES\vivado\Project14-3\Project14-3.xpr
# Log file: D:/CODES/vivado/Project14-3/vivado.log
# Journal file: D:/CODES/vivado/Project14-3\vivado.jou
#-----------------------------------------------------------
start_gui
open_project D:/CODES/vivado/Project14-3/Project14-3.xpr
Scanning sources...
Finished scanning sources
INFO: [IP_Flow 19-234] Refreshing IP repositories
INFO: [IP_Flow 19-1704] No user IP repositories specified
INFO: [IP_Flow 19-2313] Loaded Vivado IP repository 'D:/Xilinx/Vivado/2018.3/data/ip'.
update_compile_order -fileset sources_1
launch_simulation
INFO: [Vivado 12-5682] Launching behavioral simulation in 'D:/CODES/vivado/Project14-3/Project14-3.sim/sim_1/behav/xsim'
INFO: [SIM-utils-51] Simulation object is 'sim_1'
INFO: [SIM-utils-54] Inspecting design source files for 'FIFO_tb' in fileset 'sim_1'...
INFO: [USF-XSim-97] Finding global include files...
INFO: [USF-XSim-98] Fetching design files from 'sim_1'...
INFO: [USF-XSim-2] XSim::Compile design
INFO: [USF-XSim-61] Executing 'COMPILE and ANALYZE' step in 'D:/CODES/vivado/Project14-3/Project14-3.sim/sim_1/behav/xsim'
"xvlog --incr --relax -prj FIFO_tb_vlog.prj"
INFO: [VRFC 10-2263] Analyzing Verilog file "D:/CODES/vivado/Project14-3/Project14-3.srcs/sources_1/new/FIFO.v" into library xil_defaultlib
INFO: [VRFC 10-311] analyzing module FIFO
INFO: [VRFC 10-2263] Analyzing Verilog file "D:/CODES/vivado/Project14-3/Project14-3.srcs/sim_1/new/FIFO_tb.v" into library xil_defaultlib
INFO: [VRFC 10-311] analyzing module FIFO_tb
INFO: [USF-XSim-69] 'compile' step finished in '1' seconds
INFO: [USF-XSim-3] XSim::Elaborate design
INFO: [USF-XSim-61] Executing 'ELABORATE' step in 'D:/CODES/vivado/Project14-3/Project14-3.sim/sim_1/behav/xsim'
Vivado Simulator 2018.3
Copyright 1986-1999, 2001-2018 Xilinx, Inc. All Rights Reserved.
Running: D:/Xilinx/Vivado/2018.3/bin/unwrapped/win64.o/xelab.exe -wto 430d027a9159436f81aa52e40d2e896e --incr --debug typical --relax --mt 2 -L xil_defaultlib -L unisims_ver -L unimacro_ver -L secureip --snapshot FIFO_tb_behav xil_defaultlib.FIFO_tb xil_defaultlib.glbl -log elaborate.log 
Using 2 slave threads.
Starting static elaboration
Completed static elaboration
Starting simulation data flow analysis
Completed simulation data flow analysis
Time Resolution for simulation is 1ps
Compiling module xil_defaultlib.FIFO
Compiling module xil_defaultlib.FIFO_tb
Compiling module xil_defaultlib.glbl
Built simulation snapshot FIFO_tb_behav
INFO: [USF-XSim-69] 'elaborate' step finished in '1' seconds
INFO: [USF-XSim-4] XSim::Simulate design
INFO: [USF-XSim-61] Executing 'SIMULATE' step in 'D:/CODES/vivado/Project14-3/Project14-3.sim/sim_1/behav/xsim'
INFO: [USF-XSim-98] *** Running xsim
   with args "FIFO_tb_behav -key {Behavioral:sim_1:Functional:FIFO_tb} -tclbatch {FIFO_tb.tcl} -log {simulate.log}"
INFO: [USF-XSim-8] Loading simulator feature
Vivado Simulator 2018.3
Time resolution is 1 ps
source FIFO_tb.tcl
# set curr_wave [current_wave_config]
# if { [string length $curr_wave] == 0 } {
#   if { [llength [get_objects]] > 0} {
#     add_wave /
#     set_property needs_save false [current_wave_config]
#   } else {
#      send_msg_id Add_Wave-1 WARNING "No top level signals found. Simulator will start without a wave window. If you want to open a wave window go to 'File->New Waveform Configuration' or type 'create_wave_config' in the TCL console."
#   }
# }
# run 1000ns
INFO: [USF-XSim-96] XSim completed. Design snapshot 'FIFO_tb_behav' loaded.
INFO: [USF-XSim-97] XSim simulation ran for 1000ns
current_wave_config {Untitled 1}
Untitled 1
add_wave {{/FIFO_tb/F/NUM}} 
current_wave_config {Untitled 1}
Untitled 1
add_wave {{/FIFO_tb/F/rear}} 
current_wave_config {Untitled 1}
Untitled 1
add_wave {{/FIFO_tb/F/FIFO}} 
relaunch_sim
INFO: [Vivado 12-5682] Launching behavioral simulation in 'D:/CODES/vivado/Project14-3/Project14-3.sim/sim_1/behav/xsim'
INFO: [SIM-utils-51] Simulation object is 'sim_1'
INFO: [SIM-utils-54] Inspecting design source files for 'FIFO_tb' in fileset 'sim_1'...
INFO: [USF-XSim-97] Finding global include files...
INFO: [USF-XSim-98] Fetching design files from 'sim_1'...
INFO: [USF-XSim-2] XSim::Compile design
INFO: [USF-XSim-61] Executing 'COMPILE and ANALYZE' step in 'D:/CODES/vivado/Project14-3/Project14-3.sim/sim_1/behav/xsim'
"xvlog --incr --relax -prj FIFO_tb_vlog.prj"
INFO: [USF-XSim-69] 'compile' step finished in '1' seconds
INFO: [Vivado 12-5682] Launching behavioral simulation in 'D:/CODES/vivado/Project14-3/Project14-3.sim/sim_1/behav/xsim'
INFO: [USF-XSim-3] XSim::Elaborate design
INFO: [USF-XSim-61] Executing 'ELABORATE' step in 'D:/CODES/vivado/Project14-3/Project14-3.sim/sim_1/behav/xsim'
Vivado Simulator 2018.3
Copyright 1986-1999, 2001-2018 Xilinx, Inc. All Rights Reserved.
Running: D:/Xilinx/Vivado/2018.3/bin/unwrapped/win64.o/xelab.exe -wto 430d027a9159436f81aa52e40d2e896e --incr --debug typical --relax --mt 2 -L xil_defaultlib -L unisims_ver -L unimacro_ver -L secureip --snapshot FIFO_tb_behav xil_defaultlib.FIFO_tb xil_defaultlib.glbl -log elaborate.log 
Using 2 slave threads.
Starting static elaboration
Completed static elaboration
INFO: [XSIM 43-4323] No Change in HDL. Linking previously generated obj files to create kernel
INFO: [USF-XSim-69] 'elaborate' step finished in '1' seconds
Vivado Simulator 2018.3
Time resolution is 1 ps
relaunch_sim
INFO: [Vivado 12-5682] Launching behavioral simulation in 'D:/CODES/vivado/Project14-3/Project14-3.sim/sim_1/behav/xsim'
INFO: [SIM-utils-51] Simulation object is 'sim_1'
INFO: [SIM-utils-54] Inspecting design source files for 'FIFO_tb' in fileset 'sim_1'...
INFO: [USF-XSim-97] Finding global include files...
INFO: [USF-XSim-98] Fetching design files from 'sim_1'...
INFO: [USF-XSim-2] XSim::Compile design
INFO: [USF-XSim-61] Executing 'COMPILE and ANALYZE' step in 'D:/CODES/vivado/Project14-3/Project14-3.sim/sim_1/behav/xsim'
"xvlog --incr --relax -prj FIFO_tb_vlog.prj"
INFO: [VRFC 10-2263] Analyzing Verilog file "D:/CODES/vivado/Project14-3/Project14-3.srcs/sources_1/new/FIFO.v" into library xil_defaultlib
INFO: [VRFC 10-311] analyzing module FIFO
INFO: [VRFC 10-2263] Analyzing Verilog file "D:/CODES/vivado/Project14-3/Project14-3.srcs/sim_1/new/FIFO_tb.v" into library xil_defaultlib
INFO: [VRFC 10-311] analyzing module FIFO_tb
INFO: [USF-XSim-69] 'compile' step finished in '1' seconds
INFO: [Vivado 12-5682] Launching behavioral simulation in 'D:/CODES/vivado/Project14-3/Project14-3.sim/sim_1/behav/xsim'
INFO: [USF-XSim-3] XSim::Elaborate design
INFO: [USF-XSim-61] Executing 'ELABORATE' step in 'D:/CODES/vivado/Project14-3/Project14-3.sim/sim_1/behav/xsim'
Vivado Simulator 2018.3
Copyright 1986-1999, 2001-2018 Xilinx, Inc. All Rights Reserved.
Running: D:/Xilinx/Vivado/2018.3/bin/unwrapped/win64.o/xelab.exe -wto 430d027a9159436f81aa52e40d2e896e --incr --debug typical --relax --mt 2 -L xil_defaultlib -L unisims_ver -L unimacro_ver -L secureip --snapshot FIFO_tb_behav xil_defaultlib.FIFO_tb xil_defaultlib.glbl -log elaborate.log 
Using 2 slave threads.
Starting static elaboration
Completed static elaboration
Starting simulation data flow analysis
Completed simulation data flow analysis
Time Resolution for simulation is 1ps
Compiling module xil_defaultlib.FIFO
Compiling module xil_defaultlib.FIFO_tb
Compiling module xil_defaultlib.glbl
Built simulation snapshot FIFO_tb_behav
INFO: [USF-XSim-69] 'elaborate' step finished in '1' seconds
Vivado Simulator 2018.3
Time resolution is 1 ps
relaunch_sim
INFO: [Vivado 12-5682] Launching behavioral simulation in 'D:/CODES/vivado/Project14-3/Project14-3.sim/sim_1/behav/xsim'
INFO: [SIM-utils-51] Simulation object is 'sim_1'
INFO: [SIM-utils-54] Inspecting design source files for 'FIFO_tb' in fileset 'sim_1'...
INFO: [USF-XSim-97] Finding global include files...
INFO: [USF-XSim-98] Fetching design files from 'sim_1'...
INFO: [USF-XSim-2] XSim::Compile design
INFO: [USF-XSim-61] Executing 'COMPILE and ANALYZE' step in 'D:/CODES/vivado/Project14-3/Project14-3.sim/sim_1/behav/xsim'
"xvlog --incr --relax -prj FIFO_tb_vlog.prj"
INFO: [VRFC 10-2263] Analyzing Verilog file "D:/CODES/vivado/Project14-3/Project14-3.srcs/sources_1/new/FIFO.v" into library xil_defaultlib
INFO: [VRFC 10-311] analyzing module FIFO
INFO: [VRFC 10-2263] Analyzing Verilog file "D:/CODES/vivado/Project14-3/Project14-3.srcs/sim_1/new/FIFO_tb.v" into library xil_defaultlib
INFO: [VRFC 10-311] analyzing module FIFO_tb
INFO: [USF-XSim-69] 'compile' step finished in '1' seconds
INFO: [Vivado 12-5682] Launching behavioral simulation in 'D:/CODES/vivado/Project14-3/Project14-3.sim/sim_1/behav/xsim'
INFO: [USF-XSim-3] XSim::Elaborate design
INFO: [USF-XSim-61] Executing 'ELABORATE' step in 'D:/CODES/vivado/Project14-3/Project14-3.sim/sim_1/behav/xsim'
Vivado Simulator 2018.3
Copyright 1986-1999, 2001-2018 Xilinx, Inc. All Rights Reserved.
Running: D:/Xilinx/Vivado/2018.3/bin/unwrapped/win64.o/xelab.exe -wto 430d027a9159436f81aa52e40d2e896e --incr --debug typical --relax --mt 2 -L xil_defaultlib -L unisims_ver -L unimacro_ver -L secureip --snapshot FIFO_tb_behav xil_defaultlib.FIFO_tb xil_defaultlib.glbl -log elaborate.log 
Using 2 slave threads.
Starting static elaboration
Completed static elaboration
Starting simulation data flow analysis
Completed simulation data flow analysis
Time Resolution for simulation is 1ps
Compiling module xil_defaultlib.FIFO
Compiling module xil_defaultlib.FIFO_tb
Compiling module xil_defaultlib.glbl
Built simulation snapshot FIFO_tb_behav
INFO: [USF-XSim-69] 'elaborate' step finished in '1' seconds
Vivado Simulator 2018.3
Time resolution is 1 ps
relaunch_sim
INFO: [Vivado 12-5682] Launching behavioral simulation in 'D:/CODES/vivado/Project14-3/Project14-3.sim/sim_1/behav/xsim'
INFO: [SIM-utils-51] Simulation object is 'sim_1'
INFO: [SIM-utils-54] Inspecting design source files for 'FIFO_tb' in fileset 'sim_1'...
INFO: [USF-XSim-97] Finding global include files...
INFO: [USF-XSim-98] Fetching design files from 'sim_1'...
INFO: [USF-XSim-2] XSim::Compile design
INFO: [USF-XSim-61] Executing 'COMPILE and ANALYZE' step in 'D:/CODES/vivado/Project14-3/Project14-3.sim/sim_1/behav/xsim'
"xvlog --incr --relax -prj FIFO_tb_vlog.prj"
INFO: [VRFC 10-2263] Analyzing Verilog file "D:/CODES/vivado/Project14-3/Project14-3.srcs/sources_1/new/FIFO.v" into library xil_defaultlib
INFO: [VRFC 10-311] analyzing module FIFO
INFO: [VRFC 10-2263] Analyzing Verilog file "D:/CODES/vivado/Project14-3/Project14-3.srcs/sim_1/new/FIFO_tb.v" into library xil_defaultlib
INFO: [VRFC 10-311] analyzing module FIFO_tb
INFO: [USF-XSim-69] 'compile' step finished in '1' seconds
INFO: [Vivado 12-5682] Launching behavioral simulation in 'D:/CODES/vivado/Project14-3/Project14-3.sim/sim_1/behav/xsim'
INFO: [USF-XSim-3] XSim::Elaborate design
INFO: [USF-XSim-61] Executing 'ELABORATE' step in 'D:/CODES/vivado/Project14-3/Project14-3.sim/sim_1/behav/xsim'
Vivado Simulator 2018.3
Copyright 1986-1999, 2001-2018 Xilinx, Inc. All Rights Reserved.
Running: D:/Xilinx/Vivado/2018.3/bin/unwrapped/win64.o/xelab.exe -wto 430d027a9159436f81aa52e40d2e896e --incr --debug typical --relax --mt 2 -L xil_defaultlib -L unisims_ver -L unimacro_ver -L secureip --snapshot FIFO_tb_behav xil_defaultlib.FIFO_tb xil_defaultlib.glbl -log elaborate.log 
Using 2 slave threads.
Starting static elaboration
Completed static elaboration
Starting simulation data flow analysis
Completed simulation data flow analysis
Time Resolution for simulation is 1ps
Compiling module xil_defaultlib.FIFO
Compiling module xil_defaultlib.FIFO_tb
Compiling module xil_defaultlib.glbl
Built simulation snapshot FIFO_tb_behav
INFO: [USF-XSim-69] 'elaborate' step finished in '1' seconds
Vivado Simulator 2018.3
Time resolution is 1 ps
relaunch_sim
INFO: [Vivado 12-5682] Launching behavioral simulation in 'D:/CODES/vivado/Project14-3/Project14-3.sim/sim_1/behav/xsim'
INFO: [SIM-utils-51] Simulation object is 'sim_1'
INFO: [SIM-utils-54] Inspecting design source files for 'FIFO_tb' in fileset 'sim_1'...
INFO: [USF-XSim-97] Finding global include files...
INFO: [USF-XSim-98] Fetching design files from 'sim_1'...
INFO: [USF-XSim-2] XSim::Compile design
INFO: [USF-XSim-61] Executing 'COMPILE and ANALYZE' step in 'D:/CODES/vivado/Project14-3/Project14-3.sim/sim_1/behav/xsim'
"xvlog --incr --relax -prj FIFO_tb_vlog.prj"
INFO: [VRFC 10-2263] Analyzing Verilog file "D:/CODES/vivado/Project14-3/Project14-3.srcs/sources_1/new/FIFO.v" into library xil_defaultlib
INFO: [VRFC 10-311] analyzing module FIFO
ERROR: [VRFC 10-1412] syntax error near < [D:/CODES/vivado/Project14-3/Project14-3.srcs/sources_1/new/FIFO.v:54]
ERROR: [VRFC 10-1412] syntax error near else [D:/CODES/vivado/Project14-3/Project14-3.srcs/sources_1/new/FIFO.v:56]
ERROR: [VRFC 10-2790] Verilog 2000 keyword else used in incorrect context [D:/CODES/vivado/Project14-3/Project14-3.srcs/sources_1/new/FIFO.v:56]
ERROR: [VRFC 10-2865] module 'FIFO' ignored due to previous errors [D:/CODES/vivado/Project14-3/Project14-3.srcs/sources_1/new/FIFO.v:23]
INFO: [USF-XSim-69] 'compile' step finished in '1' seconds
INFO: [USF-XSim-99] Step results log file:'D:/CODES/vivado/Project14-3/Project14-3.sim/sim_1/behav/xsim/xvlog.log'
ERROR: [USF-XSim-62] 'compile' step failed with error(s). Please check the Tcl console output or 'D:/CODES/vivado/Project14-3/Project14-3.sim/sim_1/behav/xsim/xvlog.log' file for more information.
ERROR: [Vivado 12-4473] Detected error while running simulation. Please correct the issue and retry this operation.
ERROR: [Common 17-39] 'launch_simulation' failed due to earlier errors.
ERROR: [Common 17-69] Command failed: ERROR: [Common 17-39] 'launch_simulation' failed due to earlier errors.

relaunch_sim
INFO: [Vivado 12-5682] Launching behavioral simulation in 'D:/CODES/vivado/Project14-3/Project14-3.sim/sim_1/behav/xsim'
INFO: [SIM-utils-51] Simulation object is 'sim_1'
INFO: [SIM-utils-54] Inspecting design source files for 'FIFO_tb' in fileset 'sim_1'...
INFO: [USF-XSim-97] Finding global include files...
INFO: [USF-XSim-98] Fetching design files from 'sim_1'...
INFO: [USF-XSim-2] XSim::Compile design
INFO: [USF-XSim-61] Executing 'COMPILE and ANALYZE' step in 'D:/CODES/vivado/Project14-3/Project14-3.sim/sim_1/behav/xsim'
"xvlog --incr --relax -prj FIFO_tb_vlog.prj"
INFO: [VRFC 10-2263] Analyzing Verilog file "D:/CODES/vivado/Project14-3/Project14-3.srcs/sources_1/new/FIFO.v" into library xil_defaultlib
INFO: [VRFC 10-311] analyzing module FIFO
INFO: [VRFC 10-2263] Analyzing Verilog file "D:/CODES/vivado/Project14-3/Project14-3.srcs/sim_1/new/FIFO_tb.v" into library xil_defaultlib
INFO: [VRFC 10-311] analyzing module FIFO_tb
INFO: [USF-XSim-69] 'compile' step finished in '1' seconds
INFO: [Vivado 12-5682] Launching behavioral simulation in 'D:/CODES/vivado/Project14-3/Project14-3.sim/sim_1/behav/xsim'
INFO: [USF-XSim-3] XSim::Elaborate design
INFO: [USF-XSim-61] Executing 'ELABORATE' step in 'D:/CODES/vivado/Project14-3/Project14-3.sim/sim_1/behav/xsim'
Vivado Simulator 2018.3
Copyright 1986-1999, 2001-2018 Xilinx, Inc. All Rights Reserved.
Running: D:/Xilinx/Vivado/2018.3/bin/unwrapped/win64.o/xelab.exe -wto 430d027a9159436f81aa52e40d2e896e --incr --debug typical --relax --mt 2 -L xil_defaultlib -L unisims_ver -L unimacro_ver -L secureip --snapshot FIFO_tb_behav xil_defaultlib.FIFO_tb xil_defaultlib.glbl -log elaborate.log 
Using 2 slave threads.
Starting static elaboration
Completed static elaboration
Starting simulation data flow analysis
Completed simulation data flow analysis
Time Resolution for simulation is 1ps
Compiling module xil_defaultlib.FIFO
Compiling module xil_defaultlib.FIFO_tb
Compiling module xil_defaultlib.glbl
Built simulation snapshot FIFO_tb_behav
INFO: [USF-XSim-69] 'elaborate' step finished in '1' seconds
Vivado Simulator 2018.3
Time resolution is 1 ps
relaunch_sim
INFO: [Vivado 12-5682] Launching behavioral simulation in 'D:/CODES/vivado/Project14-3/Project14-3.sim/sim_1/behav/xsim'
INFO: [SIM-utils-51] Simulation object is 'sim_1'
INFO: [SIM-utils-54] Inspecting design source files for 'FIFO_tb' in fileset 'sim_1'...
INFO: [USF-XSim-97] Finding global include files...
INFO: [USF-XSim-98] Fetching design files from 'sim_1'...
INFO: [USF-XSim-2] XSim::Compile design
INFO: [USF-XSim-61] Executing 'COMPILE and ANALYZE' step in 'D:/CODES/vivado/Project14-3/Project14-3.sim/sim_1/behav/xsim'
"xvlog --incr --relax -prj FIFO_tb_vlog.prj"
INFO: [VRFC 10-2263] Analyzing Verilog file "D:/CODES/vivado/Project14-3/Project14-3.srcs/sources_1/new/FIFO.v" into library xil_defaultlib
INFO: [VRFC 10-311] analyzing module FIFO
INFO: [VRFC 10-2263] Analyzing Verilog file "D:/CODES/vivado/Project14-3/Project14-3.srcs/sim_1/new/FIFO_tb.v" into library xil_defaultlib
INFO: [VRFC 10-311] analyzing module FIFO_tb
INFO: [USF-XSim-69] 'compile' step finished in '1' seconds
INFO: [Vivado 12-5682] Launching behavioral simulation in 'D:/CODES/vivado/Project14-3/Project14-3.sim/sim_1/behav/xsim'
INFO: [USF-XSim-3] XSim::Elaborate design
INFO: [USF-XSim-61] Executing 'ELABORATE' step in 'D:/CODES/vivado/Project14-3/Project14-3.sim/sim_1/behav/xsim'
Vivado Simulator 2018.3
Copyright 1986-1999, 2001-2018 Xilinx, Inc. All Rights Reserved.
Running: D:/Xilinx/Vivado/2018.3/bin/unwrapped/win64.o/xelab.exe -wto 430d027a9159436f81aa52e40d2e896e --incr --debug typical --relax --mt 2 -L xil_defaultlib -L unisims_ver -L unimacro_ver -L secureip --snapshot FIFO_tb_behav xil_defaultlib.FIFO_tb xil_defaultlib.glbl -log elaborate.log 
Using 2 slave threads.
Starting static elaboration
Completed static elaboration
Starting simulation data flow analysis
Completed simulation data flow analysis
Time Resolution for simulation is 1ps
Compiling module xil_defaultlib.FIFO
Compiling module xil_defaultlib.FIFO_tb
Compiling module xil_defaultlib.glbl
Built simulation snapshot FIFO_tb_behav
INFO: [USF-XSim-69] 'elaborate' step finished in '1' seconds
Vivado Simulator 2018.3
Time resolution is 1 ps
relaunch_sim
INFO: [Vivado 12-5682] Launching behavioral simulation in 'D:/CODES/vivado/Project14-3/Project14-3.sim/sim_1/behav/xsim'
INFO: [SIM-utils-51] Simulation object is 'sim_1'
INFO: [SIM-utils-54] Inspecting design source files for 'FIFO_tb' in fileset 'sim_1'...
INFO: [USF-XSim-97] Finding global include files...
INFO: [USF-XSim-98] Fetching design files from 'sim_1'...
INFO: [USF-XSim-2] XSim::Compile design
INFO: [USF-XSim-61] Executing 'COMPILE and ANALYZE' step in 'D:/CODES/vivado/Project14-3/Project14-3.sim/sim_1/behav/xsim'
"xvlog --incr --relax -prj FIFO_tb_vlog.prj"
INFO: [VRFC 10-2263] Analyzing Verilog file "D:/CODES/vivado/Project14-3/Project14-3.srcs/sources_1/new/FIFO.v" into library xil_defaultlib
INFO: [VRFC 10-311] analyzing module FIFO
INFO: [VRFC 10-2263] Analyzing Verilog file "D:/CODES/vivado/Project14-3/Project14-3.srcs/sim_1/new/FIFO_tb.v" into library xil_defaultlib
INFO: [VRFC 10-311] analyzing module FIFO_tb
INFO: [USF-XSim-69] 'compile' step finished in '1' seconds
INFO: [Vivado 12-5682] Launching behavioral simulation in 'D:/CODES/vivado/Project14-3/Project14-3.sim/sim_1/behav/xsim'
INFO: [USF-XSim-3] XSim::Elaborate design
INFO: [USF-XSim-61] Executing 'ELABORATE' step in 'D:/CODES/vivado/Project14-3/Project14-3.sim/sim_1/behav/xsim'
Vivado Simulator 2018.3
Copyright 1986-1999, 2001-2018 Xilinx, Inc. All Rights Reserved.
Running: D:/Xilinx/Vivado/2018.3/bin/unwrapped/win64.o/xelab.exe -wto 430d027a9159436f81aa52e40d2e896e --incr --debug typical --relax --mt 2 -L xil_defaultlib -L unisims_ver -L unimacro_ver -L secureip --snapshot FIFO_tb_behav xil_defaultlib.FIFO_tb xil_defaultlib.glbl -log elaborate.log 
Using 2 slave threads.
Starting static elaboration
Completed static elaboration
Starting simulation data flow analysis
Completed simulation data flow analysis
Time Resolution for simulation is 1ps
Compiling module xil_defaultlib.FIFO
Compiling module xil_defaultlib.FIFO_tb
Compiling module xil_defaultlib.glbl
Built simulation snapshot FIFO_tb_behav
INFO: [USF-XSim-69] 'elaborate' step finished in '1' seconds
Vivado Simulator 2018.3
Time resolution is 1 ps
relaunch_sim
INFO: [Vivado 12-5682] Launching behavioral simulation in 'D:/CODES/vivado/Project14-3/Project14-3.sim/sim_1/behav/xsim'
INFO: [SIM-utils-51] Simulation object is 'sim_1'
INFO: [SIM-utils-54] Inspecting design source files for 'FIFO_tb' in fileset 'sim_1'...
INFO: [USF-XSim-97] Finding global include files...
INFO: [USF-XSim-98] Fetching design files from 'sim_1'...
INFO: [USF-XSim-2] XSim::Compile design
INFO: [USF-XSim-61] Executing 'COMPILE and ANALYZE' step in 'D:/CODES/vivado/Project14-3/Project14-3.sim/sim_1/behav/xsim'
"xvlog --incr --relax -prj FIFO_tb_vlog.prj"
INFO: [VRFC 10-2263] Analyzing Verilog file "D:/CODES/vivado/Project14-3/Project14-3.srcs/sources_1/new/FIFO.v" into library xil_defaultlib
INFO: [VRFC 10-311] analyzing module FIFO
INFO: [VRFC 10-2263] Analyzing Verilog file "D:/CODES/vivado/Project14-3/Project14-3.srcs/sim_1/new/FIFO_tb.v" into library xil_defaultlib
INFO: [VRFC 10-311] analyzing module FIFO_tb
INFO: [USF-XSim-69] 'compile' step finished in '1' seconds
INFO: [Vivado 12-5682] Launching behavioral simulation in 'D:/CODES/vivado/Project14-3/Project14-3.sim/sim_1/behav/xsim'
INFO: [USF-XSim-3] XSim::Elaborate design
INFO: [USF-XSim-61] Executing 'ELABORATE' step in 'D:/CODES/vivado/Project14-3/Project14-3.sim/sim_1/behav/xsim'
Vivado Simulator 2018.3
Copyright 1986-1999, 2001-2018 Xilinx, Inc. All Rights Reserved.
Running: D:/Xilinx/Vivado/2018.3/bin/unwrapped/win64.o/xelab.exe -wto 430d027a9159436f81aa52e40d2e896e --incr --debug typical --relax --mt 2 -L xil_defaultlib -L unisims_ver -L unimacro_ver -L secureip --snapshot FIFO_tb_behav xil_defaultlib.FIFO_tb xil_defaultlib.glbl -log elaborate.log 
Using 2 slave threads.
Starting static elaboration
Completed static elaboration
Starting simulation data flow analysis
Completed simulation data flow analysis
Time Resolution for simulation is 1ps
Compiling module xil_defaultlib.FIFO
Compiling module xil_defaultlib.FIFO_tb
Compiling module xil_defaultlib.glbl
Built simulation snapshot FIFO_tb_behav
INFO: [USF-XSim-69] 'elaborate' step finished in '1' seconds
Vivado Simulator 2018.3
Time resolution is 1 ps
relaunch_sim
INFO: [Vivado 12-5682] Launching behavioral simulation in 'D:/CODES/vivado/Project14-3/Project14-3.sim/sim_1/behav/xsim'
INFO: [SIM-utils-51] Simulation object is 'sim_1'
INFO: [SIM-utils-54] Inspecting design source files for 'FIFO_tb' in fileset 'sim_1'...
INFO: [USF-XSim-97] Finding global include files...
INFO: [USF-XSim-98] Fetching design files from 'sim_1'...
INFO: [USF-XSim-2] XSim::Compile design
INFO: [USF-XSim-61] Executing 'COMPILE and ANALYZE' step in 'D:/CODES/vivado/Project14-3/Project14-3.sim/sim_1/behav/xsim'
"xvlog --incr --relax -prj FIFO_tb_vlog.prj"
INFO: [VRFC 10-2263] Analyzing Verilog file "D:/CODES/vivado/Project14-3/Project14-3.srcs/sources_1/new/FIFO.v" into library xil_defaultlib
INFO: [VRFC 10-311] analyzing module FIFO
INFO: [VRFC 10-2263] Analyzing Verilog file "D:/CODES/vivado/Project14-3/Project14-3.srcs/sim_1/new/FIFO_tb.v" into library xil_defaultlib
INFO: [VRFC 10-311] analyzing module FIFO_tb
INFO: [USF-XSim-69] 'compile' step finished in '1' seconds
INFO: [Vivado 12-5682] Launching behavioral simulation in 'D:/CODES/vivado/Project14-3/Project14-3.sim/sim_1/behav/xsim'
INFO: [USF-XSim-3] XSim::Elaborate design
INFO: [USF-XSim-61] Executing 'ELABORATE' step in 'D:/CODES/vivado/Project14-3/Project14-3.sim/sim_1/behav/xsim'
Vivado Simulator 2018.3
Copyright 1986-1999, 2001-2018 Xilinx, Inc. All Rights Reserved.
Running: D:/Xilinx/Vivado/2018.3/bin/unwrapped/win64.o/xelab.exe -wto 430d027a9159436f81aa52e40d2e896e --incr --debug typical --relax --mt 2 -L xil_defaultlib -L unisims_ver -L unimacro_ver -L secureip --snapshot FIFO_tb_behav xil_defaultlib.FIFO_tb xil_defaultlib.glbl -log elaborate.log 
Using 2 slave threads.
Starting static elaboration
Completed static elaboration
Starting simulation data flow analysis
Completed simulation data flow analysis
Time Resolution for simulation is 1ps
Compiling module xil_defaultlib.FIFO
Compiling module xil_defaultlib.FIFO_tb
Compiling module xil_defaultlib.glbl
Built simulation snapshot FIFO_tb_behav
INFO: [USF-XSim-69] 'elaborate' step finished in '1' seconds
Vivado Simulator 2018.3
Time resolution is 1 ps
relaunch_sim
INFO: [Vivado 12-5682] Launching behavioral simulation in 'D:/CODES/vivado/Project14-3/Project14-3.sim/sim_1/behav/xsim'
INFO: [SIM-utils-51] Simulation object is 'sim_1'
INFO: [SIM-utils-54] Inspecting design source files for 'FIFO_tb' in fileset 'sim_1'...
INFO: [USF-XSim-97] Finding global include files...
INFO: [USF-XSim-98] Fetching design files from 'sim_1'...
INFO: [USF-XSim-2] XSim::Compile design
INFO: [USF-XSim-61] Executing 'COMPILE and ANALYZE' step in 'D:/CODES/vivado/Project14-3/Project14-3.sim/sim_1/behav/xsim'
"xvlog --incr --relax -prj FIFO_tb_vlog.prj"
INFO: [VRFC 10-2263] Analyzing Verilog file "D:/CODES/vivado/Project14-3/Project14-3.srcs/sources_1/new/FIFO.v" into library xil_defaultlib
INFO: [VRFC 10-311] analyzing module FIFO
INFO: [VRFC 10-2263] Analyzing Verilog file "D:/CODES/vivado/Project14-3/Project14-3.srcs/sim_1/new/FIFO_tb.v" into library xil_defaultlib
INFO: [VRFC 10-311] analyzing module FIFO_tb
INFO: [USF-XSim-69] 'compile' step finished in '1' seconds
INFO: [Vivado 12-5682] Launching behavioral simulation in 'D:/CODES/vivado/Project14-3/Project14-3.sim/sim_1/behav/xsim'
INFO: [USF-XSim-3] XSim::Elaborate design
INFO: [USF-XSim-61] Executing 'ELABORATE' step in 'D:/CODES/vivado/Project14-3/Project14-3.sim/sim_1/behav/xsim'
Vivado Simulator 2018.3
Copyright 1986-1999, 2001-2018 Xilinx, Inc. All Rights Reserved.
Running: D:/Xilinx/Vivado/2018.3/bin/unwrapped/win64.o/xelab.exe -wto 430d027a9159436f81aa52e40d2e896e --incr --debug typical --relax --mt 2 -L xil_defaultlib -L unisims_ver -L unimacro_ver -L secureip --snapshot FIFO_tb_behav xil_defaultlib.FIFO_tb xil_defaultlib.glbl -log elaborate.log 
Using 2 slave threads.
Starting static elaboration
Completed static elaboration
Starting simulation data flow analysis
Completed simulation data flow analysis
Time Resolution for simulation is 1ps
Compiling module xil_defaultlib.FIFO
Compiling module xil_defaultlib.FIFO_tb
Compiling module xil_defaultlib.glbl
Built simulation snapshot FIFO_tb_behav
INFO: [USF-XSim-69] 'elaborate' step finished in '1' seconds
Vivado Simulator 2018.3
Time resolution is 1 ps
relaunch_sim: Time (s): cpu = 00:00:01 ; elapsed = 00:00:05 . Memory (MB): peak = 793.711 ; gain = 0.000
current_wave_config {Untitled 1}
Untitled 1
add_wave {{/FIFO_tb/data_out}} 
current_wave_config {Untitled 1}
Untitled 1
add_wave {{/FIFO_tb/F/head}} 
relaunch_sim
INFO: [Vivado 12-5682] Launching behavioral simulation in 'D:/CODES/vivado/Project14-3/Project14-3.sim/sim_1/behav/xsim'
INFO: [SIM-utils-51] Simulation object is 'sim_1'
INFO: [SIM-utils-54] Inspecting design source files for 'FIFO_tb' in fileset 'sim_1'...
INFO: [USF-XSim-97] Finding global include files...
INFO: [USF-XSim-98] Fetching design files from 'sim_1'...
INFO: [USF-XSim-2] XSim::Compile design
INFO: [USF-XSim-61] Executing 'COMPILE and ANALYZE' step in 'D:/CODES/vivado/Project14-3/Project14-3.sim/sim_1/behav/xsim'
"xvlog --incr --relax -prj FIFO_tb_vlog.prj"
INFO: [USF-XSim-69] 'compile' step finished in '1' seconds
INFO: [Vivado 12-5682] Launching behavioral simulation in 'D:/CODES/vivado/Project14-3/Project14-3.sim/sim_1/behav/xsim'
INFO: [USF-XSim-3] XSim::Elaborate design
INFO: [USF-XSim-61] Executing 'ELABORATE' step in 'D:/CODES/vivado/Project14-3/Project14-3.sim/sim_1/behav/xsim'
Vivado Simulator 2018.3
Copyright 1986-1999, 2001-2018 Xilinx, Inc. All Rights Reserved.
Running: D:/Xilinx/Vivado/2018.3/bin/unwrapped/win64.o/xelab.exe -wto 430d027a9159436f81aa52e40d2e896e --incr --debug typical --relax --mt 2 -L xil_defaultlib -L unisims_ver -L unimacro_ver -L secureip --snapshot FIFO_tb_behav xil_defaultlib.FIFO_tb xil_defaultlib.glbl -log elaborate.log 
Using 2 slave threads.
Starting static elaboration
Completed static elaboration
INFO: [XSIM 43-4323] No Change in HDL. Linking previously generated obj files to create kernel
INFO: [USF-XSim-69] 'elaborate' step finished in '1' seconds
Vivado Simulator 2018.3
Time resolution is 1 ps
relaunch_sim
INFO: [Vivado 12-5682] Launching behavioral simulation in 'D:/CODES/vivado/Project14-3/Project14-3.sim/sim_1/behav/xsim'
INFO: [SIM-utils-51] Simulation object is 'sim_1'
INFO: [SIM-utils-54] Inspecting design source files for 'FIFO_tb' in fileset 'sim_1'...
INFO: [USF-XSim-97] Finding global include files...
INFO: [USF-XSim-98] Fetching design files from 'sim_1'...
INFO: [USF-XSim-2] XSim::Compile design
INFO: [USF-XSim-61] Executing 'COMPILE and ANALYZE' step in 'D:/CODES/vivado/Project14-3/Project14-3.sim/sim_1/behav/xsim'
"xvlog --incr --relax -prj FIFO_tb_vlog.prj"
INFO: [VRFC 10-2263] Analyzing Verilog file "D:/CODES/vivado/Project14-3/Project14-3.srcs/sources_1/new/FIFO.v" into library xil_defaultlib
INFO: [VRFC 10-311] analyzing module FIFO
INFO: [VRFC 10-2263] Analyzing Verilog file "D:/CODES/vivado/Project14-3/Project14-3.srcs/sim_1/new/FIFO_tb.v" into library xil_defaultlib
INFO: [VRFC 10-311] analyzing module FIFO_tb
INFO: [USF-XSim-69] 'compile' step finished in '1' seconds
INFO: [Vivado 12-5682] Launching behavioral simulation in 'D:/CODES/vivado/Project14-3/Project14-3.sim/sim_1/behav/xsim'
INFO: [USF-XSim-3] XSim::Elaborate design
INFO: [USF-XSim-61] Executing 'ELABORATE' step in 'D:/CODES/vivado/Project14-3/Project14-3.sim/sim_1/behav/xsim'
Vivado Simulator 2018.3
Copyright 1986-1999, 2001-2018 Xilinx, Inc. All Rights Reserved.
Running: D:/Xilinx/Vivado/2018.3/bin/unwrapped/win64.o/xelab.exe -wto 430d027a9159436f81aa52e40d2e896e --incr --debug typical --relax --mt 2 -L xil_defaultlib -L unisims_ver -L unimacro_ver -L secureip --snapshot FIFO_tb_behav xil_defaultlib.FIFO_tb xil_defaultlib.glbl -log elaborate.log 
Using 2 slave threads.
Starting static elaboration
Completed static elaboration
Starting simulation data flow analysis
Completed simulation data flow analysis
Time Resolution for simulation is 1ps
Compiling module xil_defaultlib.FIFO
Compiling module xil_defaultlib.FIFO_tb
Compiling module xil_defaultlib.glbl
Built simulation snapshot FIFO_tb_behav
INFO: [USF-XSim-69] 'elaborate' step finished in '1' seconds
Vivado Simulator 2018.3
Time resolution is 1 ps
relaunch_sim
INFO: [Vivado 12-5682] Launching behavioral simulation in 'D:/CODES/vivado/Project14-3/Project14-3.sim/sim_1/behav/xsim'
INFO: [SIM-utils-51] Simulation object is 'sim_1'
INFO: [SIM-utils-54] Inspecting design source files for 'FIFO_tb' in fileset 'sim_1'...
INFO: [USF-XSim-97] Finding global include files...
INFO: [USF-XSim-98] Fetching design files from 'sim_1'...
INFO: [USF-XSim-2] XSim::Compile design
INFO: [USF-XSim-61] Executing 'COMPILE and ANALYZE' step in 'D:/CODES/vivado/Project14-3/Project14-3.sim/sim_1/behav/xsim'
"xvlog --incr --relax -prj FIFO_tb_vlog.prj"
INFO: [VRFC 10-2263] Analyzing Verilog file "D:/CODES/vivado/Project14-3/Project14-3.srcs/sources_1/new/FIFO.v" into library xil_defaultlib
INFO: [VRFC 10-311] analyzing module FIFO
INFO: [VRFC 10-2263] Analyzing Verilog file "D:/CODES/vivado/Project14-3/Project14-3.srcs/sim_1/new/FIFO_tb.v" into library xil_defaultlib
INFO: [VRFC 10-311] analyzing module FIFO_tb
INFO: [USF-XSim-69] 'compile' step finished in '1' seconds
INFO: [Vivado 12-5682] Launching behavioral simulation in 'D:/CODES/vivado/Project14-3/Project14-3.sim/sim_1/behav/xsim'
INFO: [USF-XSim-3] XSim::Elaborate design
INFO: [USF-XSim-61] Executing 'ELABORATE' step in 'D:/CODES/vivado/Project14-3/Project14-3.sim/sim_1/behav/xsim'
Vivado Simulator 2018.3
Copyright 1986-1999, 2001-2018 Xilinx, Inc. All Rights Reserved.
Running: D:/Xilinx/Vivado/2018.3/bin/unwrapped/win64.o/xelab.exe -wto 430d027a9159436f81aa52e40d2e896e --incr --debug typical --relax --mt 2 -L xil_defaultlib -L unisims_ver -L unimacro_ver -L secureip --snapshot FIFO_tb_behav xil_defaultlib.FIFO_tb xil_defaultlib.glbl -log elaborate.log 
Using 2 slave threads.
Starting static elaboration
Completed static elaboration
Starting simulation data flow analysis
Completed simulation data flow analysis
Time Resolution for simulation is 1ps
Compiling module xil_defaultlib.FIFO
Compiling module xil_defaultlib.FIFO_tb
Compiling module xil_defaultlib.glbl
Built simulation snapshot FIFO_tb_behav
INFO: [USF-XSim-69] 'elaborate' step finished in '1' seconds
Vivado Simulator 2018.3
Time resolution is 1 ps
relaunch_sim
INFO: [Vivado 12-5682] Launching behavioral simulation in 'D:/CODES/vivado/Project14-3/Project14-3.sim/sim_1/behav/xsim'
INFO: [SIM-utils-51] Simulation object is 'sim_1'
INFO: [SIM-utils-54] Inspecting design source files for 'FIFO_tb' in fileset 'sim_1'...
INFO: [USF-XSim-97] Finding global include files...
INFO: [USF-XSim-98] Fetching design files from 'sim_1'...
INFO: [USF-XSim-2] XSim::Compile design
INFO: [USF-XSim-61] Executing 'COMPILE and ANALYZE' step in 'D:/CODES/vivado/Project14-3/Project14-3.sim/sim_1/behav/xsim'
"xvlog --incr --relax -prj FIFO_tb_vlog.prj"
INFO: [VRFC 10-2263] Analyzing Verilog file "D:/CODES/vivado/Project14-3/Project14-3.srcs/sources_1/new/FIFO.v" into library xil_defaultlib
INFO: [VRFC 10-311] analyzing module FIFO
INFO: [VRFC 10-2263] Analyzing Verilog file "D:/CODES/vivado/Project14-3/Project14-3.srcs/sim_1/new/FIFO_tb.v" into library xil_defaultlib
INFO: [VRFC 10-311] analyzing module FIFO_tb
INFO: [USF-XSim-69] 'compile' step finished in '1' seconds
INFO: [Vivado 12-5682] Launching behavioral simulation in 'D:/CODES/vivado/Project14-3/Project14-3.sim/sim_1/behav/xsim'
INFO: [USF-XSim-3] XSim::Elaborate design
INFO: [USF-XSim-61] Executing 'ELABORATE' step in 'D:/CODES/vivado/Project14-3/Project14-3.sim/sim_1/behav/xsim'
Vivado Simulator 2018.3
Copyright 1986-1999, 2001-2018 Xilinx, Inc. All Rights Reserved.
Running: D:/Xilinx/Vivado/2018.3/bin/unwrapped/win64.o/xelab.exe -wto 430d027a9159436f81aa52e40d2e896e --incr --debug typical --relax --mt 2 -L xil_defaultlib -L unisims_ver -L unimacro_ver -L secureip --snapshot FIFO_tb_behav xil_defaultlib.FIFO_tb xil_defaultlib.glbl -log elaborate.log 
Using 2 slave threads.
Starting static elaboration
Completed static elaboration
Starting simulation data flow analysis
Completed simulation data flow analysis
Time Resolution for simulation is 1ps
Compiling module xil_defaultlib.FIFO
Compiling module xil_defaultlib.FIFO_tb
Compiling module xil_defaultlib.glbl
Built simulation snapshot FIFO_tb_behav
INFO: [USF-XSim-69] 'elaborate' step finished in '1' seconds
Vivado Simulator 2018.3
Time resolution is 1 ps
relaunch_sim
INFO: [Vivado 12-5682] Launching behavioral simulation in 'D:/CODES/vivado/Project14-3/Project14-3.sim/sim_1/behav/xsim'
INFO: [SIM-utils-51] Simulation object is 'sim_1'
INFO: [SIM-utils-54] Inspecting design source files for 'FIFO_tb' in fileset 'sim_1'...
INFO: [USF-XSim-97] Finding global include files...
INFO: [USF-XSim-98] Fetching design files from 'sim_1'...
INFO: [USF-XSim-2] XSim::Compile design
INFO: [USF-XSim-61] Executing 'COMPILE and ANALYZE' step in 'D:/CODES/vivado/Project14-3/Project14-3.sim/sim_1/behav/xsim'
"xvlog --incr --relax -prj FIFO_tb_vlog.prj"
INFO: [VRFC 10-2263] Analyzing Verilog file "D:/CODES/vivado/Project14-3/Project14-3.srcs/sources_1/new/FIFO.v" into library xil_defaultlib
INFO: [VRFC 10-311] analyzing module FIFO
INFO: [VRFC 10-2263] Analyzing Verilog file "D:/CODES/vivado/Project14-3/Project14-3.srcs/sim_1/new/FIFO_tb.v" into library xil_defaultlib
INFO: [VRFC 10-311] analyzing module FIFO_tb
INFO: [USF-XSim-69] 'compile' step finished in '1' seconds
INFO: [Vivado 12-5682] Launching behavioral simulation in 'D:/CODES/vivado/Project14-3/Project14-3.sim/sim_1/behav/xsim'
INFO: [USF-XSim-3] XSim::Elaborate design
INFO: [USF-XSim-61] Executing 'ELABORATE' step in 'D:/CODES/vivado/Project14-3/Project14-3.sim/sim_1/behav/xsim'
Vivado Simulator 2018.3
Copyright 1986-1999, 2001-2018 Xilinx, Inc. All Rights Reserved.
Running: D:/Xilinx/Vivado/2018.3/bin/unwrapped/win64.o/xelab.exe -wto 430d027a9159436f81aa52e40d2e896e --incr --debug typical --relax --mt 2 -L xil_defaultlib -L unisims_ver -L unimacro_ver -L secureip --snapshot FIFO_tb_behav xil_defaultlib.FIFO_tb xil_defaultlib.glbl -log elaborate.log 
Using 2 slave threads.
Starting static elaboration
Completed static elaboration
Starting simulation data flow analysis
Completed simulation data flow analysis
Time Resolution for simulation is 1ps
Compiling module xil_defaultlib.FIFO
Compiling module xil_defaultlib.FIFO_tb
Compiling module xil_defaultlib.glbl
Built simulation snapshot FIFO_tb_behav
INFO: [USF-XSim-69] 'elaborate' step finished in '1' seconds
Vivado Simulator 2018.3
Time resolution is 1 ps
relaunch_sim
INFO: [Vivado 12-5682] Launching behavioral simulation in 'D:/CODES/vivado/Project14-3/Project14-3.sim/sim_1/behav/xsim'
INFO: [SIM-utils-51] Simulation object is 'sim_1'
INFO: [SIM-utils-54] Inspecting design source files for 'FIFO_tb' in fileset 'sim_1'...
INFO: [USF-XSim-97] Finding global include files...
INFO: [USF-XSim-98] Fetching design files from 'sim_1'...
INFO: [USF-XSim-2] XSim::Compile design
INFO: [USF-XSim-61] Executing 'COMPILE and ANALYZE' step in 'D:/CODES/vivado/Project14-3/Project14-3.sim/sim_1/behav/xsim'
"xvlog --incr --relax -prj FIFO_tb_vlog.prj"
INFO: [USF-XSim-69] 'compile' step finished in '1' seconds
INFO: [Vivado 12-5682] Launching behavioral simulation in 'D:/CODES/vivado/Project14-3/Project14-3.sim/sim_1/behav/xsim'
INFO: [USF-XSim-3] XSim::Elaborate design
INFO: [USF-XSim-61] Executing 'ELABORATE' step in 'D:/CODES/vivado/Project14-3/Project14-3.sim/sim_1/behav/xsim'
Vivado Simulator 2018.3
Copyright 1986-1999, 2001-2018 Xilinx, Inc. All Rights Reserved.
Running: D:/Xilinx/Vivado/2018.3/bin/unwrapped/win64.o/xelab.exe -wto 430d027a9159436f81aa52e40d2e896e --incr --debug typical --relax --mt 2 -L xil_defaultlib -L unisims_ver -L unimacro_ver -L secureip --snapshot FIFO_tb_behav xil_defaultlib.FIFO_tb xil_defaultlib.glbl -log elaborate.log 
Using 2 slave threads.
Starting static elaboration
Completed static elaboration
INFO: [XSIM 43-4323] No Change in HDL. Linking previously generated obj files to create kernel
INFO: [USF-XSim-69] 'elaborate' step finished in '1' seconds
Vivado Simulator 2018.3
Time resolution is 1 ps
close [ open D:/CODES/vivado/Project14-3/Project14-3.srcs/sources_1/new/top_FIFO.v w ]
add_files D:/CODES/vivado/Project14-3/Project14-3.srcs/sources_1/new/top_FIFO.v
update_compile_order -fileset sources_1
update_compile_order -fileset sources_1
update_compile_order -fileset sources_1
launch_runs synth_1 -jobs 8
[Thu Dec  2 12:04:07 2021] Launched synth_1...
Run output will be captured here: D:/CODES/vivado/Project14-3/Project14-3.runs/synth_1/runme.log
launch_runs impl_1 -jobs 8
[Thu Dec  2 12:04:23 2021] Launched impl_1...
Run output will be captured here: D:/CODES/vivado/Project14-3/Project14-3.runs/impl_1/runme.log
close_sim
INFO: [Simtcl 6-16] Simulation closed
exit
INFO: [Common 17-206] Exiting Vivado at Thu Dec  2 12:07:29 2021...
