#-----------------------------------------------------------
# Vivado v2018.3 (64-bit)
# SW Build 2405991 on Thu Dec  6 23:38:27 MST 2018
# IP Build 2404404 on Fri Dec  7 01:43:56 MST 2018
# Start of session at: Thu Dec  9 00:57:15 2021
# Process ID: 13864
# Current directory: C:/Users/MingCheng/Desktop/Project14 补仿真/Project14-2-1
# Command line: vivado.exe -gui_launcher_event rodinguilauncherevent20580 C:\Users\MingCheng\Desktop\Project14 补仿真\Project14-2-1\Project14-2-1.xpr
# Log file: C:/Users/MingCheng/Desktop/Project14 补仿真/Project14-2-1/vivado.log
# Journal file: C:/Users/MingCheng/Desktop/Project14 补仿真/Project14-2-1\vivado.jou
#-----------------------------------------------------------
start_gui
open_project {C:/Users/MingCheng/Desktop/Project14 补仿真/Project14-2-1/Project14-2-1.xpr}
INFO: [Project 1-313] Project file moved from 'C:/Users/MingCheng/Desktop/Project14/Project14-2-1' since last save.
Scanning sources...
Finished scanning sources
INFO: [IP_Flow 19-234] Refreshing IP repositories
INFO: [IP_Flow 19-1704] No user IP repositories specified
INFO: [IP_Flow 19-2313] Loaded Vivado IP repository 'D:/Vivado/2018.3/data/ip'.
update_compile_order -fileset sources_1
launch_simulation
INFO: [Vivado 12-5682] Launching behavioral simulation in 'C:/Users/MingCheng/Desktop/Project14 补仿真/Project14-2-1/Project14-2-1.sim/sim_1/behav/xsim'
INFO: [SIM-utils-51] Simulation object is 'sim_1'
INFO: [SIM-utils-54] Inspecting design source files for 'DoublePortRAM_tb' in fileset 'sim_1'...
INFO: [USF-XSim-97] Finding global include files...
INFO: [USF-XSim-98] Fetching design files from 'sim_1'...
INFO: [USF-XSim-2] XSim::Compile design
INFO: [USF-XSim-61] Executing 'COMPILE and ANALYZE' step in 'C:/Users/MingCheng/Desktop/Project14 补仿真/Project14-2-1/Project14-2-1.sim/sim_1/behav/xsim'
"xvlog --incr --relax -prj DoublePortRAM_tb_vlog.prj"
INFO: [VRFC 10-2263] Analyzing Verilog file "C:/Users/MingCheng/Desktop/Project14 补仿真/Project14-2-1/Project14-2-1.srcs/sources_1/new/Syn_DoublePortRAM.v" into library xil_defaultlib
INFO: [VRFC 10-311] analyzing module Syn_DoublePortRAM
INFO: [VRFC 10-2263] Analyzing Verilog file "C:/Users/MingCheng/Desktop/Project14 补仿真/Project14-2-1/Project14-2-1.srcs/sources_1/new/DoublePortRAM_tb.v" into library xil_defaultlib
INFO: [VRFC 10-311] analyzing module DoublePortRAM_tb
INFO: [VRFC 10-2263] Analyzing Verilog file "C:/Users/MingCheng/Desktop/Project14 补仿真/Project14-2-1/Project14-2-1.sim/sim_1/behav/xsim/glbl.v" into library xil_defaultlib
INFO: [VRFC 10-311] analyzing module glbl
INFO: [USF-XSim-69] 'compile' step finished in '2' seconds
INFO: [USF-XSim-3] XSim::Elaborate design
INFO: [USF-XSim-61] Executing 'ELABORATE' step in 'C:/Users/MingCheng/Desktop/Project14 补仿真/Project14-2-1/Project14-2-1.sim/sim_1/behav/xsim'
Vivado Simulator 2018.3
Copyright 1986-1999, 2001-2018 Xilinx, Inc. All Rights Reserved.
Running: D:/Vivado/2018.3/bin/unwrapped/win64.o/xelab.exe -wto 99f6774837c24640af7f0b5677b467ad --incr --debug typical --relax --mt 2 -L xil_defaultlib -L unisims_ver -L unimacro_ver -L secureip --snapshot DoublePortRAM_tb_behav xil_defaultlib.DoublePortRAM_tb xil_defaultlib.glbl -log elaborate.log 
Using 2 slave threads.
Starting static elaboration
WARNING: [VRFC 10-3091] actual bit length 4 differs from formal bit length 3 for port 'addr_a' [C:/Users/MingCheng/Desktop/Project14 补仿真/Project14-2-1/Project14-2-1.srcs/sources_1/new/DoublePortRAM_tb.v:36]
WARNING: [VRFC 10-3091] actual bit length 2 differs from formal bit length 4 for port 'din_a' [C:/Users/MingCheng/Desktop/Project14 补仿真/Project14-2-1/Project14-2-1.srcs/sources_1/new/DoublePortRAM_tb.v:37]
WARNING: [VRFC 10-3091] actual bit length 2 differs from formal bit length 4 for port 'dout_a' [C:/Users/MingCheng/Desktop/Project14 补仿真/Project14-2-1/Project14-2-1.srcs/sources_1/new/DoublePortRAM_tb.v:40]
Completed static elaboration
Starting simulation data flow analysis
Completed simulation data flow analysis
Time Resolution for simulation is 1ps
Compiling module xil_defaultlib.Syn_DoublePortRAM
Compiling module xil_defaultlib.DoublePortRAM_tb
Compiling module xil_defaultlib.glbl
Built simulation snapshot DoublePortRAM_tb_behav
run_program: Time (s): cpu = 00:00:00 ; elapsed = 00:00:05 . Memory (MB): peak = 751.516 ; gain = 0.000
INFO: [USF-XSim-69] 'elaborate' step finished in '5' seconds
INFO: [USF-XSim-4] XSim::Simulate design
INFO: [USF-XSim-61] Executing 'SIMULATE' step in 'C:/Users/MingCheng/Desktop/Project14 补仿真/Project14-2-1/Project14-2-1.sim/sim_1/behav/xsim'
INFO: [USF-XSim-98] *** Running xsim
   with args "DoublePortRAM_tb_behav -key {Behavioral:sim_1:Functional:DoublePortRAM_tb} -tclbatch {DoublePortRAM_tb.tcl} -log {simulate.log}"
INFO: [USF-XSim-8] Loading simulator feature
Vivado Simulator 2018.3
Time resolution is 1 ps
source DoublePortRAM_tb.tcl
# set curr_wave [current_wave_config]
# if { [string length $curr_wave] == 0 } {
#   if { [llength [get_objects]] > 0} {
#     add_wave /
#     set_property needs_save false [current_wave_config]
#   } else {
#      send_msg_id Add_Wave-1 WARNING "No top level signals found. Simulator will start without a wave window. If you want to open a wave window go to 'File->New Waveform Configuration' or type 'create_wave_config' in the TCL console."
#   }
# }
# run 1000ns
INFO: [USF-XSim-96] XSim completed. Design snapshot 'DoublePortRAM_tb_behav' loaded.
INFO: [USF-XSim-97] XSim simulation ran for 1000ns
launch_simulation: Time (s): cpu = 00:00:10 ; elapsed = 00:00:16 . Memory (MB): peak = 771.922 ; gain = 20.406
close_sim
INFO: [Simtcl 6-16] Simulation closed
launch_simulation
INFO: [Vivado 12-5682] Launching behavioral simulation in 'C:/Users/MingCheng/Desktop/Project14 补仿真/Project14-2-1/Project14-2-1.sim/sim_1/behav/xsim'
INFO: [SIM-utils-51] Simulation object is 'sim_1'
INFO: [SIM-utils-54] Inspecting design source files for 'DoublePortRAM_tb' in fileset 'sim_1'...
INFO: [USF-XSim-97] Finding global include files...
INFO: [USF-XSim-98] Fetching design files from 'sim_1'...
INFO: [USF-XSim-2] XSim::Compile design
INFO: [USF-XSim-61] Executing 'COMPILE and ANALYZE' step in 'C:/Users/MingCheng/Desktop/Project14 补仿真/Project14-2-1/Project14-2-1.sim/sim_1/behav/xsim'
"xvlog --incr --relax -prj DoublePortRAM_tb_vlog.prj"
INFO: [VRFC 10-2263] Analyzing Verilog file "C:/Users/MingCheng/Desktop/Project14 补仿真/Project14-2-1/Project14-2-1.srcs/sources_1/new/Syn_DoublePortRAM.v" into library xil_defaultlib
INFO: [VRFC 10-311] analyzing module Syn_DoublePortRAM
INFO: [VRFC 10-2263] Analyzing Verilog file "C:/Users/MingCheng/Desktop/Project14 补仿真/Project14-2-1/Project14-2-1.srcs/sources_1/new/DoublePortRAM_tb.v" into library xil_defaultlib
INFO: [VRFC 10-311] analyzing module DoublePortRAM_tb
INFO: [USF-XSim-69] 'compile' step finished in '2' seconds
INFO: [USF-XSim-3] XSim::Elaborate design
INFO: [USF-XSim-61] Executing 'ELABORATE' step in 'C:/Users/MingCheng/Desktop/Project14 补仿真/Project14-2-1/Project14-2-1.sim/sim_1/behav/xsim'
Vivado Simulator 2018.3
Copyright 1986-1999, 2001-2018 Xilinx, Inc. All Rights Reserved.
Running: D:/Vivado/2018.3/bin/unwrapped/win64.o/xelab.exe -wto 99f6774837c24640af7f0b5677b467ad --incr --debug typical --relax --mt 2 -L xil_defaultlib -L unisims_ver -L unimacro_ver -L secureip --snapshot DoublePortRAM_tb_behav xil_defaultlib.DoublePortRAM_tb xil_defaultlib.glbl -log elaborate.log 
Using 2 slave threads.
Starting static elaboration
WARNING: [VRFC 10-3091] actual bit length 4 differs from formal bit length 3 for port 'addr_a' [C:/Users/MingCheng/Desktop/Project14 补仿真/Project14-2-1/Project14-2-1.srcs/sources_1/new/DoublePortRAM_tb.v:36]
WARNING: [VRFC 10-3091] actual bit length 2 differs from formal bit length 4 for port 'din_a' [C:/Users/MingCheng/Desktop/Project14 补仿真/Project14-2-1/Project14-2-1.srcs/sources_1/new/DoublePortRAM_tb.v:37]
WARNING: [VRFC 10-3091] actual bit length 2 differs from formal bit length 4 for port 'dout_a' [C:/Users/MingCheng/Desktop/Project14 补仿真/Project14-2-1/Project14-2-1.srcs/sources_1/new/DoublePortRAM_tb.v:40]
Completed static elaboration
Starting simulation data flow analysis
Completed simulation data flow analysis
Time Resolution for simulation is 1ps
Compiling module xil_defaultlib.Syn_DoublePortRAM
Compiling module xil_defaultlib.DoublePortRAM_tb
Compiling module xil_defaultlib.glbl
Built simulation snapshot DoublePortRAM_tb_behav
run_program: Time (s): cpu = 00:00:00 ; elapsed = 00:00:06 . Memory (MB): peak = 772.090 ; gain = 0.000
INFO: [USF-XSim-69] 'elaborate' step finished in '7' seconds
INFO: [USF-XSim-4] XSim::Simulate design
INFO: [USF-XSim-61] Executing 'SIMULATE' step in 'C:/Users/MingCheng/Desktop/Project14 补仿真/Project14-2-1/Project14-2-1.sim/sim_1/behav/xsim'
INFO: [USF-XSim-98] *** Running xsim
   with args "DoublePortRAM_tb_behav -key {Behavioral:sim_1:Functional:DoublePortRAM_tb} -tclbatch {DoublePortRAM_tb.tcl} -log {simulate.log}"
INFO: [USF-XSim-8] Loading simulator feature
Vivado Simulator 2018.3
Time resolution is 1 ps
source DoublePortRAM_tb.tcl
# set curr_wave [current_wave_config]
# if { [string length $curr_wave] == 0 } {
#   if { [llength [get_objects]] > 0} {
#     add_wave /
#     set_property needs_save false [current_wave_config]
#   } else {
#      send_msg_id Add_Wave-1 WARNING "No top level signals found. Simulator will start without a wave window. If you want to open a wave window go to 'File->New Waveform Configuration' or type 'create_wave_config' in the TCL console."
#   }
# }
# run 1000ns
INFO: [USF-XSim-96] XSim completed. Design snapshot 'DoublePortRAM_tb_behav' loaded.
INFO: [USF-XSim-97] XSim simulation ran for 1000ns
launch_simulation: Time (s): cpu = 00:00:05 ; elapsed = 00:00:12 . Memory (MB): peak = 772.090 ; gain = 0.000
close_sim
INFO: [Simtcl 6-16] Simulation closed
exit
INFO: [Common 17-206] Exiting Vivado at Thu Dec  9 01:04:28 2021...
