#-----------------------------------------------------------
# Vivado v2018.3 (64-bit)
# SW Build 2405991 on Thu Dec  6 23:38:27 MST 2018
# IP Build 2404404 on Fri Dec  7 01:43:56 MST 2018
# Start of session at: Tue Oct 26 23:25:04 2021
# Process ID: 20544
# Current directory: D:/CODES/vivado/Project3-3
# Command line: vivado.exe -gui_launcher_event rodinguilauncherevent26320 D:\CODES\vivado\Project3-3\Project3-3.xpr
# Log file: D:/CODES/vivado/Project3-3/vivado.log
# Journal file: D:/CODES/vivado/Project3-3\vivado.jou
#-----------------------------------------------------------
start_gui
open_project D:/CODES/vivado/Project3-3/Project3-3.xpr
Scanning sources...
Finished scanning sources
INFO: [IP_Flow 19-234] Refreshing IP repositories
INFO: [IP_Flow 19-1704] No user IP repositories specified
INFO: [IP_Flow 19-2313] Loaded Vivado IP repository 'D:/Xilinx/Vivado/2018.3/data/ip'.
update_compile_order -fileset sources_1
launch_simulation
INFO: [Vivado 12-5682] Launching behavioral simulation in 'D:/CODES/vivado/Project3-3/Project3-3.sim/sim_1/behav/xsim'
INFO: [SIM-utils-51] Simulation object is 'sim_1'
INFO: [SIM-utils-54] Inspecting design source files for 'design_sim_2' in fileset 'sim_1'...
INFO: [USF-XSim-97] Finding global include files...
INFO: [USF-XSim-98] Fetching design files from 'sim_1'...
INFO: [USF-XSim-2] XSim::Compile design
INFO: [USF-XSim-61] Executing 'COMPILE and ANALYZE' step in 'D:/CODES/vivado/Project3-3/Project3-3.sim/sim_1/behav/xsim'
"xvlog --incr --relax -prj design_sim_2_vlog.prj"
INFO: [VRFC 10-2263] Analyzing Verilog file "D:/CODES/vivado/Project3-3/Project3-3.srcs/sources_1/new/design_1.v" into library xil_defaultlib
INFO: [VRFC 10-311] analyzing module design_1
INFO: [VRFC 10-2263] Analyzing Verilog file "D:/CODES/vivado/Project3-3/Project3-3.srcs/sim_1/new/design_sim_2.v" into library xil_defaultlib
INFO: [VRFC 10-311] analyzing module design_sim_2
INFO: [USF-XSim-69] 'compile' step finished in '1' seconds
INFO: [USF-XSim-3] XSim::Elaborate design
INFO: [USF-XSim-61] Executing 'ELABORATE' step in 'D:/CODES/vivado/Project3-3/Project3-3.sim/sim_1/behav/xsim'
Vivado Simulator 2018.3
Copyright 1986-1999, 2001-2018 Xilinx, Inc. All Rights Reserved.
Running: D:/Xilinx/Vivado/2018.3/bin/unwrapped/win64.o/xelab.exe -wto ffdb9e052b264eaf990a2ed851983b3e --incr --debug typical --relax --mt 2 -L xil_defaultlib -L unisims_ver -L unimacro_ver -L secureip --snapshot design_sim_2_behav xil_defaultlib.design_sim_2 xil_defaultlib.glbl -log elaborate.log 
Using 2 slave threads.
Starting static elaboration
WARNING: [VRFC 10-3091] actual bit length 3 differs from formal bit length 2 for port 'S' [D:/CODES/vivado/Project3-3/Project3-3.srcs/sim_1/new/design_sim_2.v:31]
Completed static elaboration
Starting simulation data flow analysis
Completed simulation data flow analysis
Time Resolution for simulation is 1ps
Compiling module xil_defaultlib.design_1
Compiling module xil_defaultlib.design_sim_2
Compiling module xil_defaultlib.glbl
Built simulation snapshot design_sim_2_behav
INFO: [USF-XSim-69] 'elaborate' step finished in '1' seconds
INFO: [USF-XSim-4] XSim::Simulate design
INFO: [USF-XSim-61] Executing 'SIMULATE' step in 'D:/CODES/vivado/Project3-3/Project3-3.sim/sim_1/behav/xsim'
INFO: [USF-XSim-98] *** Running xsim
   with args "design_sim_2_behav -key {Behavioral:sim_1:Functional:design_sim_2} -tclbatch {design_sim_2.tcl} -log {simulate.log}"
INFO: [USF-XSim-8] Loading simulator feature
Vivado Simulator 2018.3
Time resolution is 1 ps
source design_sim_2.tcl
# set curr_wave [current_wave_config]
# if { [string length $curr_wave] == 0 } {
#   if { [llength [get_objects]] > 0} {
#     add_wave /
#     set_property needs_save false [current_wave_config]
#   } else {
#      send_msg_id Add_Wave-1 WARNING "No top level signals found. Simulator will start without a wave window. If you want to open a wave window go to 'File->New Waveform Configuration' or type 'create_wave_config' in the TCL console."
#   }
# }
# run 1000ns
INFO: [USF-XSim-96] XSim completed. Design snapshot 'design_sim_2_behav' loaded.
INFO: [USF-XSim-97] XSim simulation ran for 1000ns
close_sim
INFO: [Simtcl 6-16] Simulation closed
exit
INFO: [Common 17-206] Exiting Vivado at Tue Oct 26 23:37:30 2021...
